ESP-ROM:esp32c3-20200918
Build:Sep 18 2020
rst:0x1 (POWERON),boot:0xc (SPI_FAST_FLASH_BOOT)
SPIWP:0xee
mode:DIO, clock div:2
load:0x4037c000,len:0xe8c
load:0x4037ce8c,len:0x280
SHA-256 comparison failed:
Calculated: 9853f35a9667897761cb0363bc1f3863c3b06998013e1267c19327eab7806852
Expected: d3f634ae5251d4bfae5f6e79ca7cca677c639eb421790b14ee33f3f6cc612215
Attempting to boot anyway...
entry 0x4037c000
Guru Meditation Error: Core 0 panic'ed (Illegal instruction)
Stack dump detected
Core 0 register dump:
PC      : 0x4037c000  RA      : 0x400499f0  SP      : 0x3fcde760  GP      : 0x00000000
TP      : 0x00000000  T0      : 0x00000000  T1      : 0x00000000  T2      : 0x3fcde79c
S0      : 0x00001140  S1      : 0x00000065  A0      : 0x00000011  A1      : 0x0000000a
A2      : 0x00000000  A3      : 0x6000001c  A4      : 0x00000000  A5      : 0x4037c000
A6      : 0x80000000  A7      : 0x00000010  S2      : 0x00000000  S3      : 0x3fce0000
S4      : 0x0000ffff  S5      : 0x3ff1c128  S6      : 0x00001134  S7      : 0x3fcdf000
S8      : 0x00000000  S9      : 0x00000000  S10     : 0x00000000  S11     : 0x00000000
T3      : 0x00000000  T4      : 0x00000000  T5      : 0x00000000  T6      : 0x00000000
MSTATUS : 0x00001881  MCAUSE  : 0x00000002  MTVAL   : 0x00000000  INTLEVEL: 0x00000001